<?xml version="1.0" encoding="UTF-8"?>
<!-- Generated by org.testng.reporters.JUnitReportReporter -->
<testsuite hostname="Vighneswaran" failures="0" tests="1" name="Complaint.Script.NBNComplaintTest" time="35.063" errors="0" timestamp="21 Sep 2020 06:40:41 GMT">
  <testcase classname="Complaint.Script.NBNComplaintTest" name="baseNavigator" time="35.063"/>
</testsuite> <!-- Complaint.Script.NBNComplaintTest -->
