<?xml version="1.0" encoding="UTF-8"?>
<!-- Generated by org.testng.reporters.JUnitReportReporter -->
<testsuite hostname="Vighneswaran" failures="0" tests="1" name="Complaint.Script.OtherComplaintTest" time="16.610" errors="0" timestamp="22 Sep 2020 05:31:06 GMT">
  <testcase classname="Complaint.Script.OtherComplaintTest" name="baseNavigator" time="16.610"/>
</testsuite> <!-- Complaint.Script.OtherComplaintTest -->
